<?xml version="1.0" encoding="UTF-8"?>
<testng-results ignored="0" total="1" passed="1" failed="0" skipped="0">
  <reporter-output>
  </reporter-output>
  <suite started-at="2022-03-11T22:38:34 CST" name="Default suite" finished-at="2022-03-11T22:38:36 CST" duration-ms="1882">
    <groups>
    </groups>
    <test started-at="2022-03-11T22:38:34 CST" name="Default test" finished-at="2022-03-11T22:38:36 CST" duration-ms="1882">
      <class name="com.qa.rest.test.GetCallBDD">
        <test-method signature="test_numberOfCircuitsFor2017_Season()[pri:0, instance:com.qa.rest.test.GetCallBDD@61386958]" started-at="2022-03-11T22:38:34 CST" name="test_numberOfCircuitsFor2017_Season" finished-at="2022-03-11T22:38:36 CST" duration-ms="1852" status="PASS">
          <reporter-output>
          </reporter-output>
        </test-method> <!-- test_numberOfCircuitsFor2017_Season -->
      </class> <!-- com.qa.rest.test.GetCallBDD -->
    </test> <!-- Default test -->
  </suite> <!-- Default suite -->
</testng-results>
